Build started 6/21/2018 10:25:39 PM.
     1>Project "C:\Users\maydar\Documents\Visual Studio 2013\Projects\clean-v1-opt1\RoleSim_Jaccard.vcxproj" on node 2 (Build target(s)).
     1>ClCompile:
         C:\Program Files (x86)\Microsoft Visual Studio 12.0\VC\bin\CL.exe /c /ZI /nologo /W3 /WX- /Od /Oy- /D WIN32 /D _DEBUG /D _CONSOLE /D _UNICODE /D UNICODE /Gm /EHsc /RTC1 /MDd /GS /fp:precise /Zc:wchar_t /Zc:forScope /Fo"Debug\\" /Fd"Debug\vc120.pdb" /Gd /TP /analyze- /errorReport:prompt main.cpp
         main.cpp
     1>c:\users\maydar\documents\visual studio 2013\projects\clean-v1-opt1\util.h(33): warning C4018: '<' : signed/unsigned mismatch
     1>c:\users\maydar\documents\visual studio 2013\projects\clean-v1-opt1\util.h(42): warning C4018: '<' : signed/unsigned mismatch
     1>c:\users\maydar\documents\visual studio 2013\projects\clean-v1-opt1\util.h(53): warning C4101: 'len' : unreferenced local variable
     1>c:\users\maydar\documents\visual studio 2013\projects\clean-v1-opt1\stringsim.h(49): warning C4018: '<' : signed/unsigned mismatch
     1>c:\users\maydar\documents\visual studio 2013\projects\clean-v1-opt1\stringsim.h(51): warning C4018: '<' : signed/unsigned mismatch
     1>c:\users\maydar\documents\visual studio 2013\projects\clean-v1-opt1\main.cpp(187): warning C4305: 'initializing' : truncation from 'double' to 'const float'
     1>c:\users\maydar\documents\visual studio 2013\projects\clean-v1-opt1\main.cpp(188): warning C4305: 'initializing' : truncation from 'double' to 'const float'
     1>c:\users\maydar\documents\visual studio 2013\projects\clean-v1-opt1\main.cpp(194): warning C4305: 'initializing' : truncation from 'double' to 'const float'
     1>c:\users\maydar\documents\visual studio 2013\projects\clean-v1-opt1\main.cpp(195): warning C4305: 'initializing' : truncation from 'double' to 'const float'
     1>c:\users\maydar\documents\visual studio 2013\projects\clean-v1-opt1\main.cpp(298): warning C4996: 'ctime': This function or variable may be unsafe. Consider using ctime_s instead. To disable deprecation, use _CRT_SECURE_NO_WARNINGS. See online help for details.
                 c:\program files (x86)\microsoft visual studio 12.0\vc\include\time.inl(86) : see declaration of 'ctime'
     1>c:\users\maydar\documents\visual studio 2013\projects\clean-v1-opt1\main.cpp(418): warning C4244: '=' : conversion from 'double' to 'float', possible loss of data
     1>c:\users\maydar\documents\visual studio 2013\projects\clean-v1-opt1\main.cpp(423): warning C4244: '=' : conversion from 'double' to 'float', possible loss of data
     1>c:\users\maydar\documents\visual studio 2013\projects\clean-v1-opt1\main.cpp(443): warning C4244: '=' : conversion from 'double' to 'float', possible loss of data
     1>c:\users\maydar\documents\visual studio 2013\projects\clean-v1-opt1\main.cpp(448): warning C4244: '=' : conversion from 'double' to 'float', possible loss of data
     1>c:\users\maydar\documents\visual studio 2013\projects\clean-v1-opt1\main.cpp(453): warning C4244: '=' : conversion from 'double' to 'float', possible loss of data
       Link:
         C:\Program Files (x86)\Microsoft Visual Studio 12.0\VC\bin\link.exe /ERRORREPORT:PROMPT /OUT:"C:\Users\maydar\Documents\Visual Studio 2013\Projects\clean-v1-opt1\Debug\RoleSim_Jaccard.exe" /INCREMENTAL /NOLOGO kernel32.lib user32.lib gdi32.lib winspool.lib comdlg32.lib advapi32.lib shell32.lib ole32.lib oleaut32.lib uuid.lib odbc32.lib odbccp32.lib /MANIFEST /MANIFESTUAC:"level='asInvoker' uiAccess='false'" /manifest:embed /DEBUG /PDB:"C:\Users\maydar\Documents\Visual Studio 2013\Projects\clean-v1-opt1\Debug\RoleSim_Jaccard.pdb" /SUBSYSTEM:CONSOLE /TLBID:1 /DYNAMICBASE /NXCOMPAT /IMPLIB:"C:\Users\maydar\Documents\Visual Studio 2013\Projects\clean-v1-opt1\Debug\RoleSim_Jaccard.lib" /MACHINE:X86 Debug\Conf.obj
         Debug\Graph.obj
         Debug\main.obj
         Debug\SimMatrix.obj
         Debug\StringSim.obj
         Debug\Util.obj
         RoleSim_Jaccard.vcxproj -> C:\Users\maydar\Documents\Visual Studio 2013\Projects\clean-v1-opt1\Debug\RoleSim_Jaccard.exe
     1>Done Building Project "C:\Users\maydar\Documents\Visual Studio 2013\Projects\clean-v1-opt1\RoleSim_Jaccard.vcxproj" (Build target(s)).

Build succeeded.

Time Elapsed 00:00:00.94
